2020-03-21 01:22:45.1677 INFO Server started.
2020-03-21 01:28:28.7328 INFO Server started.
2020-03-21 01:28:42.1959 INFO Server started.
2020-03-21 01:29:22.5027 INFO Server started.
2020-03-21 01:29:39.6078 INFO Server started.
2020-03-21 01:30:47.7217 INFO Server started.
2020-03-21 01:33:33.6425 INFO Server started.
2020-03-21 01:54:02.6487 INFO Server started.
2020-03-21 01:56:43.6999 INFO Server started.
2020-03-21 02:11:52.2510 INFO Server started.
2020-03-21 02:12:02.4485 INFO Connected InterNetwork
2020-03-21 02:12:02.4485 INFO Server started.
2020-03-21 02:12:02.4485 INFO Connected InterNetwork
2020-03-21 02:12:02.4485 INFO Server started.
2020-03-21 02:12:02.6948 INFO Connected InterNetwork
2020-03-21 02:12:02.6948 INFO Server started.
2020-03-21 02:12:12.9175 INFO Connected InterNetwork
2020-03-21 02:12:12.9175 INFO Server started.
2020-03-21 02:12:22.9678 INFO Connected InterNetwork
2020-03-21 02:12:22.9678 INFO Server started.
2020-03-21 02:12:33.0179 INFO Connected InterNetwork
2020-03-21 02:12:33.0179 INFO Server started.
2020-03-21 02:14:16.8663 INFO Server started.
2020-03-21 02:14:18.7683 INFO Connected 127.0.0.1:57073
2020-03-21 02:14:18.7683 INFO Server started.
2020-03-21 02:14:18.7758 INFO Connected 127.0.0.1:57074
2020-03-21 02:14:18.7758 INFO Server started.
2020-03-21 02:14:19.7165 INFO Connected 127.0.0.1:57078
2020-03-21 02:14:19.7165 INFO Server started.
2020-03-21 02:14:29.7668 INFO Connected 127.0.0.1:57082
2020-03-21 02:14:29.7668 INFO Server started.
2020-03-21 02:19:03.6757 INFO Server started.
2020-03-21 02:19:05.9486 INFO 127.0.0.1:57366 connected 
2020-03-21 02:19:05.9486 INFO Server started.
2020-03-21 02:19:05.9486 INFO 127.0.0.1:57367 connected 
2020-03-21 02:19:05.9486 INFO Server started.
2020-03-21 02:19:05.9640 INFO 127.0.0.1:57366 requested:
GET / HTTP/1.1
Host: localhost
Connection: keep-alive
Cache-Control: max-age=0
Upgrade-Insecure-Requests: 1
User-Agent: Mozilla/5.0 (Windows NT 10.0; Win64; x64) AppleWebKit/537.36 (KHTML, like Gecko) Chrome/80.0.3987.149 Safari/537.36
Sec-Fetch-Dest: document
Accept: text/html,application/xhtml+xml,application/xml;q=0.9,image/webp,image/apng,*/*;q=0.8,application/signed-exchange;v=b3;q=0.9
Sec-Fetch-Site: none
Sec-Fetch-Mode: navigate
Sec-Fetch-User: ?1
Accept-Encoding: gzip, deflate, br
Accept-Language: ru-RU,ru;q=0.9,en-US;q=0.8,en;q=0.7


2020-03-21 02:19:06.1986 INFO 127.0.0.1:57368 connected 
2020-03-21 02:19:06.1986 INFO Server started.
2020-03-21 02:19:16.3410 INFO 127.0.0.1:57377 connected 
2020-03-21 02:19:16.3410 INFO Server started.
2020-03-21 02:19:26.3921 INFO 127.0.0.1:57379 connected 
2020-03-21 02:19:26.3921 INFO Server started.
2020-03-21 02:19:26.4357 INFO 127.0.0.1:57379 requested:
GET / HTTP/1.1
Host: localhost
Connection: keep-alive
Cache-Control: max-age=0
Upgrade-Insecure-Requests: 1
User-Agent: Mozilla/5.0 (Windows NT 10.0; Win64; x64) AppleWebKit/537.36 (KHTML, like Gecko) Chrome/80.0.3987.149 Safari/537.36
Sec-Fetch-Dest: document
Accept: text/html,application/xhtml+xml,application/xml;q=0.9,image/webp,image/apng,*/*;q=0.8,application/signed-exchange;v=b3;q=0.9
Sec-Fetch-Site: none
Sec-Fetch-Mode: navigate
Sec-Fetch-User: ?1
Accept-Encoding: gzip, deflate, br
Accept-Language: ru-RU,ru;q=0.9,en-US;q=0.8,en;q=0.7


2020-03-21 02:19:26.7361 INFO 127.0.0.1:57382 connected 
2020-03-21 02:19:26.7361 INFO Server started.
2020-03-21 02:19:26.7560 INFO 127.0.0.1:57383 connected 
2020-03-21 02:19:26.7560 INFO Server started.
2020-03-21 02:19:46.8578 INFO 127.0.0.1:57389 connected 
2020-03-21 02:19:46.8578 INFO Server started.
2020-03-21 02:19:46.8578 INFO 127.0.0.1:57390 connected 
2020-03-21 02:19:46.8578 INFO Server started.
2020-03-21 02:20:06.9616 INFO 127.0.0.1:57395 connected 
2020-03-21 02:20:06.9644 INFO Server started.
2020-03-21 02:20:06.9644 INFO 127.0.0.1:57396 connected 
2020-03-21 02:20:06.9644 INFO Server started.
